# JRE version: OpenJDK Runtime Environment (17.0.11) (build 17.0.11+0--11852314)
# Java VM: OpenJDK 64-Bit Server VM (17.0.11+0--11852314, mixed mode, tiered, compressed oops, compressed class ptrs, g1 gc, windows-amd64)
GC Precious Log:
 CPUs: 8 total, 8 available
 Memory: 16167M
 Large Page Support: Disabled
 NUMA Support: Disabled
 Compressed Oops: Enabled (32-bit)
 Heap Region Size: 1M
 Heap Min Capacity: 8M
 Heap Initial Capacity: 254M
 Heap Max Capacity: 2G
 Pre-touch: Disabled
 Parallel Workers: 8
 Concurrent Workers: 2
 Concurrent Refinement Workers: 8
 Periodic GC: Disabled
Heap:
 garbage-first heap   total 114688K, used 67714K [0x0000000080000000, 0x0000000100000000)
  region size 1024K, 4 young (4096K), 4 survivors (4096K)
 Metaspace       used 75271K, committed 75968K, reserved 491520K
  class space    used 10450K, committed 10752K, reserved 425984K
GC Heap History (20 events):
Event: 13.391 GC heap after
{Heap after GC invocations=20 (full 0):
 garbage-first heap   total 95232K, used 41582K [0x0000000080000000, 0x0000000100000000)
  region size 1024K, 1 young (1024K), 1 survivors (1024K)
 Metaspace       used 55894K, committed 56384K, reserved 491520K
  class space    used 7681K, committed 7872K, reserved 425984K
}
Event: 13.638 GC heap before
{Heap before GC invocations=20 (full 0):
 garbage-first heap   total 95232K, used 64110K [0x0000000080000000, 0x0000000100000000)
  region size 1024K, 24 young (24576K), 1 survivors (1024K)
 Metaspace       used 58135K, committed 58752K, reserved 491520K
  class space    used 8052K, committed 8320K, reserved 425984K
}
Event: 13.640 GC heap after
{Heap after GC invocations=21 (full 0):
 garbage-first heap   total 95232K, used 43412K [0x0000000080000000, 0x0000000100000000)
  region size 1024K, 2 young (2048K), 2 survivors (2048K)
 Metaspace       used 58135K, committed 58752K, reserved 491520K
  class space    used 8052K, committed 8320K, reserved 425984K
}
Event: 13.920 GC heap before
{Heap before GC invocations=22 (full 0):
 garbage-first heap   total 95232K, used 64916K [0x0000000080000000, 0x0000000100000000)
  region size 1024K, 23 young (23552K), 2 survivors (2048K)
 Metaspace       used 60128K, committed 60736K, reserved 491520K
  class space    used 8237K, committed 8512K, reserved 425984K
}
Event: 13.923 GC heap after
{Heap after GC invocations=23 (full 0):
 garbage-first heap   total 95232K, used 44719K [0x0000000080000000, 0x0000000100000000)
  region size 1024K, 4 young (4096K), 4 survivors (4096K)
 Metaspace       used 60128K, committed 60736K, reserved 491520K
  class space    used 8237K, committed 8512K, reserved 425984K
}
Event: 13.931 GC heap before
{Heap before GC invocations=23 (full 0):
 garbage-first heap   total 95232K, used 46767K [0x0000000080000000, 0x0000000100000000)
  region size 1024K, 5 young (5120K), 4 survivors (4096K)
 Metaspace       used 60128K, committed 60736K, reserved 491520K
  class space    used 8237K, committed 8512K, reserved 425984K
}
Event: 13.934 GC heap after
{Heap after GC invocations=24 (full 0):
 garbage-first heap   total 95232K, used 47141K [0x0000000080000000, 0x0000000100000000)
  region size 1024K, 3 young (3072K), 3 survivors (3072K)
 Metaspace       used 60128K, committed 60736K, reserved 491520K
  class space    used 8237K, committed 8512K, reserved 425984K
}
Event: 14.262 GC heap before
{Heap before GC invocations=25 (full 0):
 garbage-first heap   total 95232K, used 68645K [0x0000000080000000, 0x0000000100000000)
  region size 1024K, 23 young (23552K), 3 survivors (3072K)
 Metaspace       used 62685K, committed 63360K, reserved 491520K
  class space    used 8581K, committed 8896K, reserved 425984K
}
Event: 14.265 GC heap after
{Heap after GC invocations=26 (full 0):
 garbage-first heap   total 95232K, used 50549K [0x0000000080000000, 0x0000000100000000)
  region size 1024K, 2 young (2048K), 2 survivors (2048K)
 Metaspace       used 62685K, committed 63360K, reserved 491520K
  class space    used 8581K, committed 8896K, reserved 425984K
}
Event: 14.576 GC heap before
{Heap before GC invocations=27 (full 0):
 garbage-first heap   total 102400K, used 84341K [0x0000000080000000, 0x0000000100000000)
  region size 1024K, 27 young (27648K), 2 survivors (2048K)
 Metaspace       used 64898K, committed 65600K, reserved 491520K
  class space    used 8901K, committed 9216K, reserved 425984K
}
Event: 14.579 GC heap after
{Heap after GC invocations=28 (full 0):
 garbage-first heap   total 102400K, used 60351K [0x0000000080000000, 0x0000000100000000)
  region size 1024K, 4 young (4096K), 4 survivors (4096K)
 Metaspace       used 64898K, committed 65600K, reserved 491520K
  class space    used 8901K, committed 9216K, reserved 425984K
}
Event: 14.936 GC heap before
{Heap before GC invocations=28 (full 0):
 garbage-first heap   total 102400K, used 83903K [0x0000000080000000, 0x0000000100000000)
  region size 1024K, 27 young (27648K), 4 survivors (4096K)
 Metaspace       used 67540K, committed 68224K, reserved 491520K
  class space    used 9255K, committed 9536K, reserved 425984K
}
Event: 14.940 GC heap after
{Heap after GC invocations=29 (full 0):
 garbage-first heap   total 102400K, used 61907K [0x0000000080000000, 0x0000000100000000)
  region size 1024K, 4 young (4096K), 4 survivors (4096K)
 Metaspace       used 67540K, committed 68224K, reserved 491520K
  class space    used 9255K, committed 9536K, reserved 425984K
}
Event: 15.240 GC heap before
{Heap before GC invocations=30 (full 0):
 garbage-first heap   total 111616K, used 84435K [0x0000000080000000, 0x0000000100000000)
  region size 1024K, 26 young (26624K), 4 survivors (4096K)
 Metaspace       used 69700K, committed 70400K, reserved 491520K
  class space    used 9613K, committed 9920K, reserved 425984K
}
Event: 15.243 GC heap after
{Heap after GC invocations=31 (full 0):
 garbage-first heap   total 111616K, used 62910K [0x0000000080000000, 0x0000000100000000)
  region size 1024K, 3 young (3072K), 3 survivors (3072K)
 Metaspace       used 69700K, committed 70400K, reserved 491520K
  class space    used 9613K, committed 9920K, reserved 425984K
}
Event: 15.580 GC heap before
{Heap before GC invocations=31 (full 0):
 garbage-first heap   total 111616K, used 91582K [0x0000000080000000, 0x0000000100000000)
  region size 1024K, 31 young (31744K), 3 survivors (3072K)
 Metaspace       used 71881K, committed 72576K, reserved 491520K
  class space    used 9947K, committed 10240K, reserved 425984K
}
Event: 15.583 GC heap after
{Heap after GC invocations=32 (full 0):
 garbage-first heap   total 111616K, used 63763K [0x0000000080000000, 0x0000000100000000)
  region size 1024K, 2 young (2048K), 2 survivors (2048K)
 Metaspace       used 71881K, committed 72576K, reserved 491520K
  class space    used 9947K, committed 10240K, reserved 425984K
}
Event: 15.911 GC heap before
{Heap before GC invocations=33 (full 0):
 garbage-first heap   total 114688K, used 91411K [0x0000000080000000, 0x0000000100000000)
  region size 1024K, 29 young (29696K), 2 survivors (2048K)
 Metaspace       used 73675K, committed 74368K, reserved 491520K
  class space    used 10207K, committed 10496K, reserved 425984K
}
Event: 15.914 GC heap after
{Heap after GC invocations=34 (full 0):
 garbage-first heap   total 114688K, used 65106K [0x0000000080000000, 0x0000000100000000)
  region size 1024K, 4 young (4096K), 4 survivors (4096K)
 Metaspace       used 73675K, committed 74368K, reserved 491520K
  class space    used 10207K, committed 10496K, reserved 425984K
}
Event: 16.338 GC heap before
{Heap before GC invocations=34 (full 0):
 garbage-first heap   total 114688K, used 93778K [0x0000000080000000, 0x0000000100000000)
  region size 1024K, 32 young (32768K), 4 survivors (4096K)
 Metaspace       used 75271K, committed 75968K, reserved 491520K
  class space    used 10450K, committed 10752K, reserved 425984K
}

